iden_cycle -> IDEN k
decl -> iden_cycle COLON arr_cycle INTEGER
decl_cycle -> decl_cycle decl SEMICOLON
var -> IDEN k
term_base -> var
term -> term_base
mult_exp -> term term_cycle
exp -> mult_exp mult_cycle
comp -> LTE
term_base -> NUM 1
term -> term_base
mult_exp -> term term_cycle
exp -> mult_exp mult_cycle
rel_exp_base -> exp comp exp
rel_exp -> rel_exp_base
rel_and_exp -> rel_exp
bool_exp -> rel_and_exp
rel_exp_base -> L_PAREN bool_exp R_PAREN
rel_exp -> rel_exp_base
rel_and_exp -> rel_exp
bool_exp -> rel_and_exp
term_base -> NUM 1
term -> term_base
mult_exp -> term term_cycle
exp -> mult_exp mult_cycle
return_cycle -> RETURN exp
stmt -> return_cycle
stmt_cycle -> stmt SEMICOLON
if_cycle -> IF bool_exp THEN stmt_cycle else_cycle ENDIF
stmt -> if_cycle
stmt_cycle -> stmt SEMICOLON
var -> IDEN k
term_base -> var
term -> term_base
mult_exp -> term term_cycle
term_base -> NUM 1
term -> term_base
mult_exp -> term term_cycle
mult_cycle -> SUB mult_exp mult_cycle
exp -> mult_exp mult_cycle
exp_cycle -> exp
param_cycle -> exp_cycle
term -> IDEN fibonacci L_PAREN param_cycle R_PAREN
mult_exp -> term term_cycle
var -> IDEN k
term_base -> var
term -> term_base
mult_exp -> term term_cycle
term_base -> NUM 2
term -> term_base
mult_exp -> term term_cycle
mult_cycle -> SUB mult_exp mult_cycle
exp -> mult_exp mult_cycle
exp_cycle -> exp
param_cycle -> exp_cycle
term -> IDEN fibonacci L_PAREN param_cycle R_PAREN
mult_exp -> term term_cycle
mult_cycle -> ADD mult_exp mult_cycle
exp -> mult_exp mult_cycle
return_cycle -> RETURN exp
stmt -> return_cycle
stmt_cycle -> stmt_cycle stmt SEMICOLON
func_cycle -> func_cycle FUNCTION IDEN fibonacci SEMICOLON BEGINPARAMS decl_cycle ENDPARAMS BEGINLOCALS decl_cycle ENDLOCALS BEGINBODY stmt_cycle ENDBODY
iden_cycle -> IDEN n
decl -> iden_cycle COLON arr_cycle INTEGER
decl_cycle -> decl_cycle decl SEMICOLON
iden_cycle -> IDEN fib_n
decl -> iden_cycle COLON arr_cycle INTEGER
decl_cycle -> decl_cycle decl SEMICOLON
var -> IDEN n
var_cycle -> var
read_cycle -> READ var_cycle
stmt -> read_cycle
stmt_cycle -> stmt SEMICOLON
var -> IDEN fib_n
var -> IDEN n
term_base -> var
term -> term_base
mult_exp -> term term_cycle
exp -> mult_exp mult_cycle
exp_cycle -> exp
param_cycle -> exp_cycle
term -> IDEN fibonacci L_PAREN param_cycle R_PAREN
mult_exp -> term term_cycle
exp -> mult_exp mult_cycle
assign_cycle -> var ASSIGN exp
stmt -> assign_cycle
stmt_cycle -> stmt_cycle stmt SEMICOLON
var -> IDEN fib_n
var_cycle -> var
write_cycle -> WRITE var_cycle
stmt -> write_cycle
stmt_cycle -> stmt_cycle stmt SEMICOLON
func_cycle -> func_cycle FUNCTION IDEN main SEMICOLON BEGINPARAMS decl_cycle ENDPARAMS BEGINLOCALS decl_cycle ENDLOCALS BEGINBODY stmt_cycle ENDBODY
prog -> func_cycle
